<?xml version="1.0" encoding="utf-8"?><testsuites name="pytest tests"><testsuite name="pytest" errors="0" failures="0" skipped="0" tests="15" time="12.894" timestamp="2026-09-10T23:42:32.746323+00:00" hostname="agent-env-51c1a77a-2044-428e-bfe1-679e123bfe59"><testcase classname="tests.test_auth_and_admin.TestAuthRegister" name="test_register_creates_user_role_regardless_of_client_payload" time="0.333" /><testcase classname="tests.test_auth_and_admin.TestAuthRegister" name="test_register_duplicate_email_returns_409" time="0.365" /><testcase classname="tests.test_auth_and_admin.TestAuthLoginMe" name="test_login_success_and_me" time="0.382" /><testcase classname="tests.test_auth_and_admin.TestAuthLoginMe" name="test_login_wrong_password_returns_401_generic" time="0.285" /><testcase classname="tests.test_auth_and_admin.TestAuthLoginMe" name="test_me_without_token_returns_401" time="0.072" /><testcase classname="tests.test_auth_and_admin.TestPasswordReset" name="test_forgot_password_returns_202_generic_for_existing_email" time="0.265" /><testcase classname="tests.test_auth_and_admin.TestPasswordReset" name="test_forgot_password_returns_202_for_unknown_email_no_enumeration" time="0.068" /><testcase classname="tests.test_auth_and_admin.TestPasswordReset" name="test_reset_password_with_invalid_code_returns_400" time="0.063" /><testcase classname="tests.test_auth_and_admin.TestAdminAuthorityUsers" name="test_admin_can_create_authority_user_and_that_user_can_login" time="0.888" /><testcase classname="tests.test_auth_and_admin.TestAdminAuthorityUsers" name="test_admin_create_authority_invalid_authority_id_returns_404" time="0.390" /><testcase classname="tests.test_auth_and_admin.TestAdminAuthorityUsers" name="test_admin_create_authority_duplicate_email_returns_409" time="0.639" /><testcase classname="tests.test_auth_and_admin.TestAdminAuthorityUsers" name="test_user_role_cannot_create_authority_returns_403" time="0.370" /><testcase classname="tests.test_auth_and_admin.TestAdminAuthorityUsers" name="test_no_token_authority_create_returns_401" time="0.080" /><testcase classname="tests.test_auth_and_admin.TestComplaintRegression" name="test_ai_analyze_pothole_and_complaint_lifecycle" time="5.286" /><testcase classname="tests.test_auth_and_admin.TestComplaintRegression" name="test_ai_analyze_clean_image_not_detected_and_complaint_blocked" time="3.338" /></testsuite></testsuites>